# JRE version: OpenJDK Runtime Environment (8.0_242-b01) (build 1.8.0_242-release-1644-b01)
# Java VM: OpenJDK 64-Bit Server VM (25.242-b01 mixed mode windows-amd64 compressed oops)
Heap:
 PSYoungGen      total 590336K, used 362476K [0x00000000d5580000, 0x0000000100000000, 0x0000000100000000)
  eden space 503296K, 59% used [0x00000000d5580000,0x00000000e77bd578,0x00000000f4100000)
  from space 87040K, 74% used [0x00000000f9d00000,0x00000000fdcbdd50,0x00000000ff200000)
  to   space 94208K, 0% used [0x00000000f4100000,0x00000000f4100000,0x00000000f9d00000)
 ParOldGen       total 169984K, used 72800K [0x0000000080000000, 0x000000008a600000, 0x00000000d5580000)
  object space 169984K, 42% used [0x0000000080000000,0x00000000847182b0,0x000000008a600000)
 Metaspace       used 156054K, capacity 168978K, committed 169152K, reserved 1196032K
  class space    used 20332K, capacity 22938K, committed 22976K, reserved 1048576K
GC Heap History (10 events):
Event: 2911.072 GC heap before
{Heap before GC invocations=36 (full 8):
 PSYoungGen      total 528896K, used 510675K [0x00000000d5580000, 0x00000000fae00000, 0x0000000100000000)
  eden space 474624K, 100% used [0x00000000d5580000,0x00000000f2500000,0x00000000f2500000)
  from space 54272K, 66% used [0x00000000f2500000,0x00000000f4834ca8,0x00000000f5a00000)
  to   space 57856K, 0% used [0x00000000f7580000,0x00000000f7580000,0x00000000fae00000)
 ParOldGen       total 169984K, used 72768K [0x0000000080000000, 0x000000008a600000, 0x00000000d5580000)
  object space 169984K, 42% used [0x0000000080000000,0x00000000847102b0,0x000000008a600000)
 Metaspace       used 124909K, capacity 135364K, committed 135744K, reserved 1167360K
  class space    used 16277K, capacity 18321K, committed 18496K, reserved 1048576K
Event: 2911.129 GC heap after
Heap after GC invocations=36 (full 8):
 PSYoungGen      total 552960K, used 40721K [0x00000000d5580000, 0x00000000fb200000, 0x0000000100000000)
  eden space 495104K, 0% used [0x00000000d5580000,0x00000000d5580000,0x00000000f3900000)
  from space 57856K, 70% used [0x00000000f7580000,0x00000000f9d44448,0x00000000fae00000)
  to   space 61952K, 0% used [0x00000000f3900000,0x00000000f3900000,0x00000000f7580000)
 ParOldGen       total 169984K, used 72768K [0x0000000080000000, 0x000000008a600000, 0x00000000d5580000)
  object space 169984K, 42% used [0x0000000080000000,0x00000000847102b0,0x000000008a600000)
 Metaspace       used 124909K, capacity 135364K, committed 135744K, reserved 1167360K
  class space    used 16277K, capacity 18321K, committed 18496K, reserved 1048576K
}
Event: 2973.455 GC heap before
{Heap before GC invocations=37 (full 8):
 PSYoungGen      total 552960K, used 535825K [0x00000000d5580000, 0x00000000fb200000, 0x0000000100000000)
  eden space 495104K, 100% used [0x00000000d5580000,0x00000000f3900000,0x00000000f3900000)
  from space 57856K, 70% used [0x00000000f7580000,0x00000000f9d44448,0x00000000fae00000)
  to   space 61952K, 0% used [0x00000000f3900000,0x00000000f3900000,0x00000000f7580000)
 ParOldGen       total 169984K, used 72768K [0x0000000080000000, 0x000000008a600000, 0x00000000d5580000)
  object space 169984K, 42% used [0x0000000080000000,0x00000000847102b0,0x000000008a600000)
 Metaspace       used 129142K, capacity 140022K, committed 140352K, reserved 1171456K
  class space    used 16758K, capacity 18921K, committed 19008K, reserved 1048576K
Event: 2973.519 GC heap after
Heap after GC invocations=37 (full 8):
 PSYoungGen      total 557056K, used 46481K [0x00000000d5580000, 0x00000000fca00000, 0x0000000100000000)
  eden space 495104K, 0% used [0x00000000d5580000,0x00000000d5580000,0x00000000f3900000)
  from space 61952K, 75% used [0x00000000f3900000,0x00000000f6664518,0x00000000f7580000)
  to   space 67584K, 0% used [0x00000000f8800000,0x00000000f8800000,0x00000000fca00000)
 ParOldGen       total 169984K, used 72776K [0x0000000080000000, 0x000000008a600000, 0x00000000d5580000)
  object space 169984K, 42% used [0x0000000080000000,0x00000000847122b0,0x000000008a600000)
 Metaspace       used 129142K, capacity 140022K, committed 140352K, reserved 1171456K
  class space    used 16758K, capacity 18921K, committed 19008K, reserved 1048576K
}
Event: 3079.681 GC heap before
{Heap before GC invocations=38 (full 8):
 PSYoungGen      total 557056K, used 541585K [0x00000000d5580000, 0x00000000fca00000, 0x0000000100000000)
  eden space 495104K, 100% used [0x00000000d5580000,0x00000000f3900000,0x00000000f3900000)
  from space 61952K, 75% used [0x00000000f3900000,0x00000000f6664518,0x00000000f7580000)
  to   space 67584K, 0% used [0x00000000f8800000,0x00000000f8800000,0x00000000fca00000)
 ParOldGen       total 169984K, used 72776K [0x0000000080000000, 0x000000008a600000, 0x00000000d5580000)
  object space 169984K, 42% used [0x0000000080000000,0x00000000847122b0,0x000000008a600000)
 Metaspace       used 131860K, capacity 143200K, committed 143296K, reserved 1173504K
  class space    used 17084K, capacity 19385K, committed 19392K, reserved 1048576K
Event: 3079.766 GC heap after
Heap after GC invocations=38 (full 8):
 PSYoungGen      total 568832K, used 54912K [0x00000000d5580000, 0x00000000fd600000, 0x0000000100000000)
  eden space 501248K, 0% used [0x00000000d5580000,0x00000000d5580000,0x00000000f3f00000)
  from space 67584K, 81% used [0x00000000f8800000,0x00000000fbda0090,0x00000000fca00000)
  to   space 74752K, 0% used [0x00000000f3f00000,0x00000000f3f00000,0x00000000f8800000)
 ParOldGen       total 169984K, used 72784K [0x0000000080000000, 0x000000008a600000, 0x00000000d5580000)
  object space 169984K, 42% used [0x0000000080000000,0x00000000847142b0,0x000000008a600000)
 Metaspace       used 131860K, capacity 143200K, committed 143296K, reserved 1173504K
  class space    used 17084K, capacity 19385K, committed 19392K, reserved 1048576K
}
Event: 3243.248 GC heap before
{Heap before GC invocations=39 (full 8):
 PSYoungGen      total 568832K, used 556160K [0x00000000d5580000, 0x00000000fd600000, 0x0000000100000000)
  eden space 501248K, 100% used [0x00000000d5580000,0x00000000f3f00000,0x00000000f3f00000)
  from space 67584K, 81% used [0x00000000f8800000,0x00000000fbda0090,0x00000000fca00000)
  to   space 74752K, 0% used [0x00000000f3f00000,0x00000000f3f00000,0x00000000f8800000)
 ParOldGen       total 169984K, used 72784K [0x0000000080000000, 0x000000008a600000, 0x00000000d5580000)
  object space 169984K, 42% used [0x0000000080000000,0x00000000847142b0,0x000000008a600000)
 Metaspace       used 150096K, capacity 162868K, committed 163136K, reserved 1189888K
  class space    used 19689K, capacity 22271K, committed 22336K, reserved 1048576K
Event: 3243.320 GC heap after
Heap after GC invocations=39 (full 8):
 PSYoungGen      total 576000K, used 73050K [0x00000000d5580000, 0x00000000ff200000, 0x0000000100000000)
  eden space 501248K, 0% used [0x00000000d5580000,0x00000000d5580000,0x00000000f3f00000)
  from space 74752K, 97% used [0x00000000f3f00000,0x00000000f86569f8,0x00000000f8800000)
  to   space 87040K, 0% used [0x00000000f9d00000,0x00000000f9d00000,0x00000000ff200000)
 ParOldGen       total 169984K, used 72792K [0x0000000080000000, 0x000000008a600000, 0x00000000d5580000)
  object space 169984K, 42% used [0x0000000080000000,0x00000000847162b0,0x000000008a600000)
 Metaspace       used 150096K, capacity 162868K, committed 163136K, reserved 1189888K
  class space    used 19689K, capacity 22271K, committed 22336K, reserved 1048576K
}
Event: 3258.368 GC heap before
{Heap before GC invocations=40 (full 8):
 PSYoungGen      total 576000K, used 574298K [0x00000000d5580000, 0x00000000ff200000, 0x0000000100000000)
  eden space 501248K, 100% used [0x00000000d5580000,0x00000000f3f00000,0x00000000f3f00000)
  from space 74752K, 97% used [0x00000000f3f00000,0x00000000f86569f8,0x00000000f8800000)
  to   space 87040K, 0% used [0x00000000f9d00000,0x00000000f9d00000,0x00000000ff200000)
 ParOldGen       total 169984K, used 72792K [0x0000000080000000, 0x000000008a600000, 0x00000000d5580000)
  object space 169984K, 42% used [0x0000000080000000,0x00000000847162b0,0x000000008a600000)
 Metaspace       used 152226K, capacity 165032K, committed 165184K, reserved 1191936K
  class space    used 19926K, capacity 22535K, committed 22592K, reserved 1048576K
Event: 3258.457 GC heap after
Heap after GC invocations=40 (full 8):
 PSYoungGen      total 590336K, used 65271K [0x00000000d5580000, 0x0000000100000000, 0x0000000100000000)
  eden space 503296K, 0% used [0x00000000d5580000,0x00000000d5580000,0x00000000f4100000)
  from space 87040K, 74% used [0x00000000f9d00000,0x00000000fdcbdd50,0x00000000ff200000)
  to   space 94208K, 0% used [0x00000000f4100000,0x00000000f4100000,0x00000000f9d00000)
 ParOldGen       total 169984K, used 72800K [0x0000000080000000, 0x000000008a600000, 0x00000000d5580000)
  object space 169984K, 42% used [0x0000000080000000,0x00000000847182b0,0x000000008a600000)
 Metaspace       used 152226K, capacity 165032K, committed 165184K, reserved 1191936K
  class space    used 19926K, capacity 22535K, committed 22592K, reserved 1048576K
}

